{"/Users/gradynnagle/bin/grind/grind-backend/src/models/Task.model.ts": {"path":"/Users/gradynnagle/bin/grind/grind-backend/src/models/Task.model.ts","statementMap":{"0":{"start":{"line":1,"column":0},"end":{"line":1,"column":41}},"1":{"start":{"line":3,"column":26},"end":{"line":3,"column":34}},"2":{"start":{"line":5,"column":19},"end":{"line":13,"column":2}},"3":{"start":{"line":15,"column":13},"end":{"line":15,"column":38}},"4":{"start":{"line":16,"column":0},"end":{"line":16,"column":20}}},"fnMap":{},"branchMap":{},"s":{"0":1,"1":1,"2":1,"3":1,"4":1},"f":{},"b":{}}
,"/Users/gradynnagle/bin/grind/grind-backend/src/models/User.model.ts": {"path":"/Users/gradynnagle/bin/grind/grind-backend/src/models/User.model.ts","statementMap":{"0":{"start":{"line":1,"column":0},"end":{"line":1,"column":32}},"1":{"start":{"line":3,"column":26},"end":{"line":3,"column":34}},"2":{"start":{"line":5,"column":19},"end":{"line":10,"column":2}},"3":{"start":{"line":12,"column":13},"end":{"line":12,"column":38}},"4":{"start":{"line":13,"column":0},"end":{"line":13,"column":20}}},"fnMap":{},"branchMap":{},"s":{"0":1,"1":1,"2":1,"3":1,"4":1},"f":{},"b":{}}
,"/Users/gradynnagle/bin/grind/grind-backend/src/services/mongodb.service.ts": {"path":"/Users/gradynnagle/bin/grind/grind-backend/src/services/mongodb.service.ts","statementMap":{"0":{"start":{"line":1,"column":0},"end":{"line":1,"column":28}},"1":{"start":{"line":2,"column":0},"end":{"line":2,"column":31}},"2":{"start":{"line":4,"column":0},"end":{"line":4,"column":40}},"3":{"start":{"line":5,"column":0},"end":{"line":5,"column":40}},"4":{"start":{"line":6,"column":0},"end":{"line":6,"column":37}},"5":{"start":{"line":20,"column":28},"end":{"line":30,"column":2}},"6":{"start":{"line":20,"column":107},"end":{"line":30,"column":2}},"7":{"start":{"line":21,"column":27},"end":{"line":21,"column":58}},"8":{"start":{"line":23,"column":20},"end":{"line":28,"column":6}},"9":{"start":{"line":29,"column":4},"end":{"line":29,"column":19}},"10":{"start":{"line":20,"column":13},"end":{"line":20,"column":28}},"11":{"start":{"line":38,"column":25},"end":{"line":58,"column":2}},"12":{"start":{"line":38,"column":84},"end":{"line":58,"column":2}},"13":{"start":{"line":39,"column":4},"end":{"line":39,"column":57}},"14":{"start":{"line":40,"column":17},"end":{"line":40,"column":46}},"15":{"start":{"line":42,"column":4},"end":{"line":45,"column":5}},"16":{"start":{"line":43,"column":8},"end":{"line":43,"column":59}},"17":{"start":{"line":44,"column":8},"end":{"line":44,"column":42}},"18":{"start":{"line":47,"column":26},"end":{"line":47,"column":71}},"19":{"start":{"line":49,"column":4},"end":{"line":52,"column":5}},"20":{"start":{"line":50,"column":8},"end":{"line":50,"column":56}},"21":{"start":{"line":51,"column":8},"end":{"line":51,"column":44}},"22":{"start":{"line":54,"column":18},"end":{"line":54,"column":99}},"23":{"start":{"line":55,"column":4},"end":{"line":55,"column":64}},"24":{"start":{"line":57,"column":4},"end":{"line":57,"column":null}},"25":{"start":{"line":38,"column":13},"end":{"line":38,"column":25}},"26":{"start":{"line":65,"column":27},"end":{"line":78,"column":2}},"27":{"start":{"line":65,"column":52},"end":{"line":78,"column":2}},"28":{"start":{"line":66,"column":17},"end":{"line":66,"column":44}},"29":{"start":{"line":68,"column":4},"end":{"line":70,"column":5}},"30":{"start":{"line":69,"column":8},"end":{"line":69,"column":42}},"31":{"start":{"line":72,"column":4},"end":{"line":77,"column":6}},"32":{"start":{"line":65,"column":13},"end":{"line":65,"column":27}},"33":{"start":{"line":86,"column":26},"end":{"line":99,"column":2}},"34":{"start":{"line":86,"column":83},"end":{"line":99,"column":2}},"35":{"start":{"line":87,"column":20},"end":{"line":90,"column":6}},"36":{"start":{"line":92,"column":4},"end":{"line":95,"column":5}},"37":{"start":{"line":93,"column":8},"end":{"line":93,"column":57}},"38":{"start":{"line":94,"column":8},"end":{"line":94,"column":49}},"39":{"start":{"line":96,"column":4},"end":{"line":96,"column":45}},"40":{"start":{"line":98,"column":4},"end":{"line":98,"column":25}},"41":{"start":{"line":86,"column":13},"end":{"line":86,"column":26}},"42":{"start":{"line":106,"column":28},"end":{"line":129,"column":2}},"43":{"start":{"line":106,"column":53},"end":{"line":129,"column":2}},"44":{"start":{"line":107,"column":18},"end":{"line":109,"column":6}},"45":{"start":{"line":111,"column":4},"end":{"line":113,"column":5}},"46":{"start":{"line":112,"column":8},"end":{"line":112,"column":47}},"47":{"start":{"line":115,"column":21},"end":{"line":126,"column":6}},"48":{"start":{"line":116,"column":8},"end":{"line":125,"column":null}},"49":{"start":{"line":128,"column":4},"end":{"line":128,"column":20}},"50":{"start":{"line":106,"column":13},"end":{"line":106,"column":28}},"51":{"start":{"line":131,"column":32},"end":{"line":145,"column":2}},"52":{"start":{"line":131,"column":83},"end":{"line":145,"column":2}},"53":{"start":{"line":132,"column":17},"end":{"line":132,"column":60}},"54":{"start":{"line":134,"column":4},"end":{"line":136,"column":5}},"55":{"start":{"line":135,"column":8},"end":{"line":135,"column":69}},"56":{"start":{"line":138,"column":24},"end":{"line":138,"column":97}},"57":{"start":{"line":140,"column":4},"end":{"line":142,"column":5}},"58":{"start":{"line":141,"column":8},"end":{"line":141,"column":49}},"59":{"start":{"line":144,"column":4},"end":{"line":144,"column":23}},"60":{"start":{"line":131,"column":13},"end":{"line":131,"column":32}},"61":{"start":{"line":147,"column":26},"end":{"line":161,"column":2}},"62":{"start":{"line":147,"column":67},"end":{"line":161,"column":2}},"63":{"start":{"line":148,"column":17},"end":{"line":148,"column":60}},"64":{"start":{"line":150,"column":4},"end":{"line":152,"column":5}},"65":{"start":{"line":151,"column":8},"end":{"line":151,"column":69}},"66":{"start":{"line":154,"column":24},"end":{"line":154,"column":60}},"67":{"start":{"line":156,"column":4},"end":{"line":158,"column":5}},"68":{"start":{"line":157,"column":8},"end":{"line":157,"column":49}},"69":{"start":{"line":160,"column":4},"end":{"line":160,"column":23}},"70":{"start":{"line":147,"column":13},"end":{"line":147,"column":26}}},"fnMap":{"0":{"name":"(anonymous_8)","decl":{"start":{"line":20,"column":28},"end":{"line":20,"column":35}},"loc":{"start":{"line":20,"column":107},"end":{"line":30,"column":2}}},"1":{"name":"(anonymous_9)","decl":{"start":{"line":20,"column":107},"end":{"line":20,"column":null}},"loc":{"start":{"line":20,"column":107},"end":{"line":30,"column":1}}},"2":{"name":"(anonymous_10)","decl":{"start":{"line":38,"column":25},"end":{"line":38,"column":32}},"loc":{"start":{"line":38,"column":84},"end":{"line":58,"column":2}}},"3":{"name":"(anonymous_11)","decl":{"start":{"line":38,"column":84},"end":{"line":38,"column":null}},"loc":{"start":{"line":38,"column":84},"end":{"line":58,"column":1}}},"4":{"name":"(anonymous_12)","decl":{"start":{"line":65,"column":27},"end":{"line":65,"column":34}},"loc":{"start":{"line":65,"column":52},"end":{"line":78,"column":2}}},"5":{"name":"(anonymous_13)","decl":{"start":{"line":65,"column":52},"end":{"line":65,"column":null}},"loc":{"start":{"line":65,"column":52},"end":{"line":78,"column":1}}},"6":{"name":"(anonymous_14)","decl":{"start":{"line":86,"column":26},"end":{"line":86,"column":33}},"loc":{"start":{"line":86,"column":83},"end":{"line":99,"column":2}}},"7":{"name":"(anonymous_15)","decl":{"start":{"line":86,"column":83},"end":{"line":86,"column":null}},"loc":{"start":{"line":86,"column":83},"end":{"line":99,"column":1}}},"8":{"name":"(anonymous_16)","decl":{"start":{"line":106,"column":28},"end":{"line":106,"column":35}},"loc":{"start":{"line":106,"column":53},"end":{"line":129,"column":2}}},"9":{"name":"(anonymous_17)","decl":{"start":{"line":106,"column":53},"end":{"line":106,"column":null}},"loc":{"start":{"line":106,"column":53},"end":{"line":129,"column":1}}},"10":{"name":"(anonymous_18)","decl":{"start":{"line":115,"column":31},"end":{"line":115,"column":35}},"loc":{"start":{"line":115,"column":38},"end":{"line":126,"column":5}}},"11":{"name":"(anonymous_19)","decl":{"start":{"line":131,"column":32},"end":{"line":131,"column":39}},"loc":{"start":{"line":131,"column":83},"end":{"line":145,"column":2}}},"12":{"name":"(anonymous_20)","decl":{"start":{"line":131,"column":83},"end":{"line":131,"column":null}},"loc":{"start":{"line":131,"column":83},"end":{"line":145,"column":1}}},"13":{"name":"(anonymous_21)","decl":{"start":{"line":147,"column":26},"end":{"line":147,"column":33}},"loc":{"start":{"line":147,"column":67},"end":{"line":161,"column":2}}},"14":{"name":"(anonymous_22)","decl":{"start":{"line":147,"column":67},"end":{"line":147,"column":null}},"loc":{"start":{"line":147,"column":67},"end":{"line":161,"column":1}}}},"branchMap":{"0":{"loc":{"start":{"line":42,"column":4},"end":{"line":45,"column":5}},"type":"if","locations":[{"start":{"line":42,"column":4},"end":{"line":45,"column":5}}]},"1":{"loc":{"start":{"line":49,"column":4},"end":{"line":52,"column":5}},"type":"if","locations":[{"start":{"line":49,"column":4},"end":{"line":52,"column":5}}]},"2":{"loc":{"start":{"line":54,"column":49},"end":{"line":54,"column":77}},"type":"binary-expr","locations":[{"start":{"line":54,"column":49},"end":{"line":54,"column":71}},{"start":{"line":54,"column":75},"end":{"line":54,"column":77}}]},"3":{"loc":{"start":{"line":68,"column":4},"end":{"line":70,"column":5}},"type":"if","locations":[{"start":{"line":68,"column":4},"end":{"line":70,"column":5}}]},"4":{"loc":{"start":{"line":92,"column":4},"end":{"line":95,"column":5}},"type":"if","locations":[{"start":{"line":92,"column":4},"end":{"line":95,"column":5}}]},"5":{"loc":{"start":{"line":111,"column":4},"end":{"line":113,"column":5}},"type":"if","locations":[{"start":{"line":111,"column":4},"end":{"line":113,"column":5}}]},"6":{"loc":{"start":{"line":119,"column":25},"end":{"line":119,"column":48}},"type":"binary-expr","locations":[{"start":{"line":119,"column":25},"end":{"line":119,"column":42}},{"start":{"line":119,"column":46},"end":{"line":119,"column":48}}]},"7":{"loc":{"start":{"line":119,"column":25},"end":{"line":119,"column":42}},"type":"cond-expr","locations":[{"start":{"line":119,"column":29},"end":{"line":119,"column":31}},{"start":{"line":119,"column":25},"end":{"line":119,"column":42}}]},"8":{"loc":{"start":{"line":119,"column":25},"end":{"line":119,"column":31}},"type":"binary-expr","locations":[{"start":{"line":119,"column":25},"end":{"line":119,"column":31}},{"start":{"line":119,"column":25},"end":{"line":119,"column":31}}]},"9":{"loc":{"start":{"line":120,"column":21},"end":{"line":120,"column":40}},"type":"binary-expr","locations":[{"start":{"line":120,"column":21},"end":{"line":120,"column":34}},{"start":{"line":120,"column":38},"end":{"line":120,"column":40}}]},"10":{"loc":{"start":{"line":120,"column":21},"end":{"line":120,"column":34}},"type":"cond-expr","locations":[{"start":{"line":120,"column":25},"end":{"line":120,"column":27}},{"start":{"line":120,"column":21},"end":{"line":120,"column":34}}]},"11":{"loc":{"start":{"line":120,"column":21},"end":{"line":120,"column":27}},"type":"binary-expr","locations":[{"start":{"line":120,"column":21},"end":{"line":120,"column":27}},{"start":{"line":120,"column":21},"end":{"line":120,"column":27}}]},"12":{"loc":{"start":{"line":122,"column":20},"end":{"line":122,"column":38}},"type":"binary-expr","locations":[{"start":{"line":122,"column":20},"end":{"line":122,"column":32}},{"start":{"line":122,"column":36},"end":{"line":122,"column":38}}]},"13":{"loc":{"start":{"line":122,"column":20},"end":{"line":122,"column":32}},"type":"cond-expr","locations":[{"start":{"line":122,"column":24},"end":{"line":122,"column":26}},{"start":{"line":122,"column":20},"end":{"line":122,"column":32}}]},"14":{"loc":{"start":{"line":122,"column":20},"end":{"line":122,"column":26}},"type":"binary-expr","locations":[{"start":{"line":122,"column":20},"end":{"line":122,"column":26}},{"start":{"line":122,"column":20},"end":{"line":122,"column":26}}]},"15":{"loc":{"start":{"line":134,"column":4},"end":{"line":136,"column":5}},"type":"if","locations":[{"start":{"line":134,"column":4},"end":{"line":136,"column":5}}]},"16":{"loc":{"start":{"line":140,"column":4},"end":{"line":142,"column":5}},"type":"if","locations":[{"start":{"line":140,"column":4},"end":{"line":142,"column":5}}]},"17":{"loc":{"start":{"line":150,"column":4},"end":{"line":152,"column":5}},"type":"if","locations":[{"start":{"line":150,"column":4},"end":{"line":152,"column":5}}]},"18":{"loc":{"start":{"line":156,"column":4},"end":{"line":158,"column":5}},"type":"if","locations":[{"start":{"line":156,"column":4},"end":{"line":158,"column":5}}]}},"s":{"0":1,"1":1,"2":1,"3":1,"4":1,"5":1,"6":1,"7":1,"8":1,"9":0,"10":1,"11":1,"12":0,"13":0,"14":0,"15":0,"16":0,"17":0,"18":0,"19":0,"20":0,"21":0,"22":0,"23":0,"24":0,"25":1,"26":1,"27":0,"28":0,"29":0,"30":0,"31":0,"32":1,"33":1,"34":0,"35":0,"36":0,"37":0,"38":0,"39":0,"40":0,"41":1,"42":1,"43":0,"44":0,"45":0,"46":0,"47":0,"48":0,"49":0,"50":1,"51":1,"52":0,"53":0,"54":0,"55":0,"56":0,"57":0,"58":0,"59":0,"60":1,"61":1,"62":0,"63":0,"64":0,"65":0,"66":0,"67":0,"68":0,"69":0,"70":1},"f":{"0":1,"1":1,"2":0,"3":0,"4":0,"5":0,"6":0,"7":0,"8":0,"9":0,"10":0,"11":0,"12":0,"13":0,"14":0},"b":{"0":[0],"1":[0],"2":[0,0],"3":[0],"4":[0],"5":[0],"6":[0,0],"7":[0,0],"8":[0,0],"9":[0,0],"10":[0,0],"11":[0,0],"12":[0,0],"13":[0,0],"14":[0,0],"15":[0],"16":[0],"17":[0],"18":[0]}}
,"/Users/gradynnagle/bin/grind/grind-backend/src/utils/logger.ts": {"path":"/Users/gradynnagle/bin/grind/grind-backend/src/utils/logger.ts","statementMap":{"0":{"start":{"line":1,"column":0},"end":{"line":1,"column":24}},"1":{"start":{"line":3,"column":15},"end":{"line":10,"column":2}},"2":{"start":{"line":12,"column":0},"end":{"line":12,"column":22}}},"fnMap":{},"branchMap":{},"s":{"0":1,"1":1,"2":1},"f":{},"b":{}}
}
