TN:
SF:src/models/Task.model.ts
FNF:0
FNH:0
DA:1,1
DA:3,1
DA:5,1
DA:15,1
DA:16,1
LF:5
LH:5
BRF:0
BRH:0
end_of_record
TN:
SF:src/models/User.model.ts
FNF:0
FNH:0
DA:1,1
DA:3,1
DA:5,1
DA:12,1
DA:13,1
LF:5
LH:5
BRF:0
BRH:0
end_of_record
TN:
SF:src/services/mongodb.service.ts
FN:20,(anonymous_8)
FN:20,(anonymous_9)
FN:38,(anonymous_10)
FN:38,(anonymous_11)
FN:65,(anonymous_12)
FN:65,(anonymous_13)
FN:86,(anonymous_14)
FN:86,(anonymous_15)
FN:106,(anonymous_16)
FN:106,(anonymous_17)
FN:115,(anonymous_18)
FN:131,(anonymous_19)
FN:131,(anonymous_20)
FN:147,(anonymous_21)
FN:147,(anonymous_22)
FNF:15
FNH:2
FNDA:1,(anonymous_8)
FNDA:1,(anonymous_9)
FNDA:0,(anonymous_10)
FNDA:0,(anonymous_11)
FNDA:0,(anonymous_12)
FNDA:0,(anonymous_13)
FNDA:0,(anonymous_14)
FNDA:0,(anonymous_15)
FNDA:0,(anonymous_16)
FNDA:0,(anonymous_17)
FNDA:0,(anonymous_18)
FNDA:0,(anonymous_19)
FNDA:0,(anonymous_20)
FNDA:0,(anonymous_21)
FNDA:0,(anonymous_22)
DA:1,1
DA:2,1
DA:4,1
DA:5,1
DA:6,1
DA:20,1
DA:21,1
DA:23,1
DA:29,0
DA:38,1
DA:39,0
DA:40,0
DA:42,0
DA:43,0
DA:44,0
DA:47,0
DA:49,0
DA:50,0
DA:51,0
DA:54,0
DA:55,0
DA:57,0
DA:65,1
DA:66,0
DA:68,0
DA:69,0
DA:72,0
DA:86,1
DA:87,0
DA:92,0
DA:93,0
DA:94,0
DA:96,0
DA:98,0
DA:106,1
DA:107,0
DA:111,0
DA:112,0
DA:115,0
DA:116,0
DA:128,0
DA:131,1
DA:132,0
DA:134,0
DA:135,0
DA:138,0
DA:140,0
DA:141,0
DA:144,0
DA:147,1
DA:148,0
DA:150,0
DA:151,0
DA:154,0
DA:156,0
DA:157,0
DA:160,0
LF:57
LH:14
BRDA:42,0,0,0
BRDA:49,1,0,0
BRDA:54,2,0,0
BRDA:54,2,1,0
BRDA:68,3,0,0
BRDA:92,4,0,0
BRDA:111,5,0,0
BRDA:119,6,0,0
BRDA:119,6,1,0
BRDA:119,7,0,0
BRDA:119,7,1,0
BRDA:119,8,0,0
BRDA:119,8,1,0
BRDA:120,9,0,0
BRDA:120,9,1,0
BRDA:120,10,0,0
BRDA:120,10,1,0
BRDA:120,11,0,0
BRDA:120,11,1,0
BRDA:122,12,0,0
BRDA:122,12,1,0
BRDA:122,13,0,0
BRDA:122,13,1,0
BRDA:122,14,0,0
BRDA:122,14,1,0
BRDA:134,15,0,0
BRDA:140,16,0,0
BRDA:150,17,0,0
BRDA:156,18,0,0
BRF:29
BRH:0
end_of_record
TN:
SF:src/utils/logger.ts
FNF:0
FNH:0
DA:1,1
DA:3,1
DA:12,1
LF:3
LH:3
BRF:0
BRH:0
end_of_record
